# JRE version: OpenJDK Runtime Environment Temurin-17.0.8.1+1 (17.0.8.1+1) (build 17.0.8.1+1)
# Java VM: OpenJDK 64-Bit Server VM Temurin-17.0.8.1+1 (17.0.8.1+1, mixed mode, sharing, tiered, compressed oops, compressed class ptrs, g1 gc, windows-amd64)
GC Precious Log:
 CPUs: 4 total, 4 available
 Memory: 3485M
 Large Page Support: Disabled
 NUMA Support: Disabled
 Compressed Oops: Enabled (32-bit)
 Heap Region Size: 1M
 Heap Min Capacity: 256M
 Heap Initial Capacity: 256M
 Heap Max Capacity: 512M
 Pre-touch: Disabled
 Parallel Workers: 4
 Concurrent Workers: 1
 Concurrent Refinement Workers: 4
 Periodic GC: Disabled
Heap:
 garbage-first heap   total 262144K, used 133906K [0x00000000e0000000, 0x0000000100000000)
  region size 1024K, 74 young (75776K), 3 survivors (3072K)
 Metaspace       used 65251K, committed 65792K, reserved 393216K
  class space    used 8911K, committed 9152K, reserved 327680K
GC Heap History (20 events):
Event: 3.782 GC heap before
{Heap before GC invocations=1 (full 0):
 garbage-first heap   total 262144K, used 21951K [0x00000000e0000000, 0x0000000100000000)
  region size 1024K, 19 young (19456K), 2 survivors (2048K)
 Metaspace       used 2731K, committed 2944K, reserved 393216K
  class space    used 309K, committed 384K, reserved 327680K
}
Event: 3.786 GC heap after
{Heap after GC invocations=2 (full 0):
 garbage-first heap   total 262144K, used 10675K [0x00000000e0000000, 0x0000000100000000)
  region size 1024K, 3 young (3072K), 3 survivors (3072K)
 Metaspace       used 2731K, committed 2944K, reserved 393216K
  class space    used 309K, committed 384K, reserved 327680K
}
Event: 13.561 GC heap before
{Heap before GC invocations=2 (full 0):
 garbage-first heap   total 262144K, used 166323K [0x00000000e0000000, 0x0000000100000000)
  region size 1024K, 153 young (156672K), 3 survivors (3072K)
 Metaspace       used 19028K, committed 19264K, reserved 393216K
  class space    used 2757K, committed 2880K, reserved 327680K
}
Event: 13.586 GC heap after
{Heap after GC invocations=3 (full 0):
 garbage-first heap   total 262144K, used 22925K [0x00000000e0000000, 0x0000000100000000)
  region size 1024K, 14 young (14336K), 14 survivors (14336K)
 Metaspace       used 19028K, committed 19264K, reserved 393216K
  class space    used 2757K, committed 2880K, reserved 327680K
}
Event: 14.898 GC heap before
{Heap before GC invocations=3 (full 0):
 garbage-first heap   total 262144K, used 42381K [0x00000000e0000000, 0x0000000100000000)
  region size 1024K, 34 young (34816K), 14 survivors (14336K)
 Metaspace       used 21233K, committed 21504K, reserved 393216K
  class space    used 3087K, committed 3200K, reserved 327680K
}
Event: 15.079 GC heap after
{Heap after GC invocations=4 (full 0):
 garbage-first heap   total 262144K, used 24862K [0x00000000e0000000, 0x0000000100000000)
  region size 1024K, 2 young (2048K), 2 survivors (2048K)
 Metaspace       used 21233K, committed 21504K, reserved 393216K
  class space    used 3087K, committed 3200K, reserved 327680K
}
Event: 19.995 GC heap before
{Heap before GC invocations=5 (full 0):
 garbage-first heap   total 262144K, used 119070K [0x00000000e0000000, 0x0000000100000000)
  region size 1024K, 95 young (97280K), 2 survivors (2048K)
 Metaspace       used 33807K, committed 34304K, reserved 393216K
  class space    used 4809K, committed 5056K, reserved 327680K
}
Event: 20.028 GC heap after
{Heap after GC invocations=6 (full 0):
 garbage-first heap   total 262144K, used 31478K [0x00000000e0000000, 0x0000000100000000)
  region size 1024K, 9 young (9216K), 9 survivors (9216K)
 Metaspace       used 33807K, committed 34304K, reserved 393216K
  class space    used 4809K, committed 5056K, reserved 327680K
}
Event: 20.839 GC heap before
{Heap before GC invocations=6 (full 0):
 garbage-first heap   total 262144K, used 56054K [0x00000000e0000000, 0x0000000100000000)
  region size 1024K, 29 young (29696K), 9 survivors (9216K)
 Metaspace       used 35567K, committed 35968K, reserved 393216K
  class space    used 4932K, committed 5120K, reserved 327680K
}
Event: 20.862 GC heap after
{Heap after GC invocations=7 (full 0):
 garbage-first heap   total 262144K, used 32827K [0x00000000e0000000, 0x0000000100000000)
  region size 1024K, 3 young (3072K), 3 survivors (3072K)
 Metaspace       used 35567K, committed 35968K, reserved 393216K
  class space    used 4932K, committed 5120K, reserved 327680K
}
Event: 29.898 GC heap before
{Heap before GC invocations=8 (full 0):
 garbage-first heap   total 262144K, used 187451K [0x00000000e0000000, 0x0000000100000000)
  region size 1024K, 153 young (156672K), 3 survivors (3072K)
 Metaspace       used 50064K, committed 50624K, reserved 393216K
  class space    used 7092K, committed 7360K, reserved 327680K
}
Event: 29.947 GC heap after
{Heap after GC invocations=9 (full 0):
 garbage-first heap   total 262144K, used 40731K [0x00000000e0000000, 0x0000000100000000)
  region size 1024K, 11 young (11264K), 11 survivors (11264K)
 Metaspace       used 50064K, committed 50624K, reserved 393216K
  class space    used 7092K, committed 7360K, reserved 327680K
}
Event: 46.383 GC heap before
{Heap before GC invocations=9 (full 0):
 garbage-first heap   total 262144K, used 186139K [0x00000000e0000000, 0x0000000100000000)
  region size 1024K, 153 young (156672K), 11 survivors (11264K)
 Metaspace       used 54505K, committed 55104K, reserved 393216K
  class space    used 7566K, committed 7872K, reserved 327680K
}
Event: 46.727 GC heap after
{Heap after GC invocations=10 (full 0):
 garbage-first heap   total 262144K, used 52460K [0x00000000e0000000, 0x0000000100000000)
  region size 1024K, 20 young (20480K), 20 survivors (20480K)
 Metaspace       used 54505K, committed 55104K, reserved 393216K
  class space    used 7566K, committed 7872K, reserved 327680K
}
Event: 51.322 GC heap before
{Heap before GC invocations=10 (full 0):
 garbage-first heap   total 262144K, used 93420K [0x00000000e0000000, 0x0000000100000000)
  region size 1024K, 60 young (61440K), 20 survivors (20480K)
 Metaspace       used 54834K, committed 55424K, reserved 393216K
  class space    used 7570K, committed 7872K, reserved 327680K
}
Event: 51.586 GC heap after
{Heap after GC invocations=11 (full 0):
 garbage-first heap   total 262144K, used 57343K [0x00000000e0000000, 0x0000000100000000)
  region size 1024K, 5 young (5120K), 5 survivors (5120K)
 Metaspace       used 54834K, committed 55424K, reserved 393216K
  class space    used 7570K, committed 7872K, reserved 327680K
}
Event: 65.973 GC heap before
{Heap before GC invocations=11 (full 0):
 garbage-first heap   total 262144K, used 129023K [0x00000000e0000000, 0x0000000100000000)
  region size 1024K, 76 young (77824K), 5 survivors (5120K)
 Metaspace       used 59673K, committed 60288K, reserved 393216K
  class space    used 8284K, committed 8576K, reserved 327680K
}
Event: 66.218 GC heap after
{Heap after GC invocations=12 (full 0):
 garbage-first heap   total 262144K, used 60412K [0x00000000e0000000, 0x0000000100000000)
  region size 1024K, 8 young (8192K), 8 survivors (8192K)
 Metaspace       used 59673K, committed 60288K, reserved 393216K
  class space    used 8284K, committed 8576K, reserved 327680K
}
Event: 73.332 GC heap before
{Heap before GC invocations=13 (full 0):
 garbage-first heap   total 262144K, used 76796K [0x00000000e0000000, 0x0000000100000000)
  region size 1024K, 24 young (24576K), 8 survivors (8192K)
 Metaspace       used 64402K, committed 65024K, reserved 393216K
  class space    used 8837K, committed 9088K, reserved 327680K
}
Event: 73.405 GC heap after
{Heap after GC invocations=14 (full 0):
 garbage-first heap   total 262144K, used 62226K [0x00000000e0000000, 0x0000000100000000)
  region size 1024K, 3 young (3072K), 3 survivors (3072K)
 Metaspace       used 64402K, committed 65024K, reserved 393216K
  class space    used 8837K, committed 9088K, reserved 327680K
}

